-------------------------------------------------------------------------------
Test set: TestSuite
-------------------------------------------------------------------------------
Tests run: 4, Failures: 1, Errors: 0, Skipped: 0, Time elapsed: 3.011 s <<< FAILURE! - in TestSuite
m(com.seleniumdemo.TestDemo)  Time elapsed: 0.03 s  <<< FAILURE!
java.lang.AssertionError: expected [AviG] but found [Avi]
	at com.seleniumdemo.TestDemo.m(TestDemo.java:12)

